2025-07-14T09:34:05.375+08:00  INFO 45472 --- [Summer] [main] jesper.summer.SummerApplication          : Starting SummerApplication using Java 17.0.15 with PID 45472 (E:\Desktop\Summer\target\classes started by 13620 in E:\Desktop\Summer)
2025-07-14T09:34:05.381+08:00  INFO 45472 --- [Summer] [main] jesper.summer.SummerApplication          : No active profile set, falling back to 1 default profile: "default"
2025-07-14T09:34:06.566+08:00  INFO 45472 --- [Summer] [main] .s.d.r.c.RepositoryConfigurationDelegate : Bootstrapping Spring Data JPA repositories in DEFAULT mode.
2025-07-14T09:34:06.637+08:00  INFO 45472 --- [Summer] [main] .s.d.r.c.RepositoryConfigurationDelegate : Finished Spring Data repository scanning in 52 ms. Found 3 JPA repository interfaces.
2025-07-14T09:34:07.406+08:00  INFO 45472 --- [Summer] [main] o.s.b.w.embedded.tomcat.TomcatWebServer  : Tomcat initialized with port 10123 (http)
2025-07-14T09:34:07.421+08:00  INFO 45472 --- [Summer] [main] o.apache.catalina.core.StandardService   : Starting service [Tomcat]
2025-07-14T09:34:07.421+08:00  INFO 45472 --- [Summer] [main] o.apache.catalina.core.StandardEngine    : Starting Servlet engine: [Apache Tomcat/10.1.42]
2025-07-14T09:34:07.479+08:00  INFO 45472 --- [Summer] [main] o.a.c.c.C.[Tomcat].[localhost].[/]       : Initializing Spring embedded WebApplicationContext
2025-07-14T09:34:07.480+08:00  INFO 45472 --- [Summer] [main] w.s.c.ServletWebServerApplicationContext : Root WebApplicationContext: initialization completed in 1843 ms
2025-07-14T09:34:07.624+08:00  INFO 45472 --- [Summer] [main] com.zaxxer.hikari.HikariDataSource       : HikariPool-1 - Starting...
2025-07-14T09:34:07.803+08:00  INFO 45472 --- [Summer] [main] com.zaxxer.hikari.pool.HikariPool        : HikariPool-1 - Added connection com.mysql.cj.jdbc.ConnectionImpl@4c38cd16
2025-07-14T09:34:07.806+08:00  INFO 45472 --- [Summer] [main] com.zaxxer.hikari.HikariDataSource       : HikariPool-1 - Start completed.
2025-07-14T09:34:07.853+08:00  INFO 45472 --- [Summer] [main] o.hibernate.jpa.internal.util.LogHelper  : HHH000204: Processing PersistenceUnitInfo [name: default]
2025-07-14T09:34:07.908+08:00  INFO 45472 --- [Summer] [main] org.hibernate.Version                    : HHH000412: Hibernate ORM core version 6.6.18.Final
2025-07-14T09:34:07.949+08:00  INFO 45472 --- [Summer] [main] o.h.c.internal.RegionFactoryInitiator    : HHH000026: Second-level cache disabled
2025-07-14T09:34:08.178+08:00  INFO 45472 --- [Summer] [main] org.hibernate.orm.connections.pooling    : HHH10001005: Database info:
	Database JDBC URL [Connecting through datasource 'HikariDataSource (HikariPool-1)']
	Database driver: undefined/unknown
	Database version: 8.0.35
	Autocommit mode: undefined/unknown
	Isolation level: undefined/unknown
	Minimum pool size: undefined/unknown
	Maximum pool size: undefined/unknown
2025-07-14T09:34:08.424+08:00  INFO 45472 --- [Summer] [main] o.s.o.j.p.SpringPersistenceUnitInfo      : No LoadTimeWeaver setup: ignoring JPA class transformer
2025-07-14T09:34:09.374+08:00  INFO 45472 --- [Summer] [main] o.h.e.t.j.p.i.JtaPlatformInitiator       : HHH000489: No JTA platform available (set 'hibernate.transaction.jta.platform' to enable JTA platform integration)
2025-07-14T09:34:09.378+08:00  INFO 45472 --- [Summer] [main] j.LocalContainerEntityManagerFactoryBean : Initialized JPA EntityManagerFactory for persistence unit 'default'
2025-07-14T09:34:09.608+08:00  INFO 45472 --- [Summer] [main] o.s.d.j.r.query.QueryEnhancerFactory     : Hibernate is in classpath; If applicable, HQL parser will be used.
2025-07-14T09:34:10.650+08:00  WARN 45472 --- [Summer] [main] JpaBaseConfiguration$JpaWebConfiguration : spring.jpa.open-in-view is enabled by default. Therefore, database queries may be performed during view rendering. Explicitly configure spring.jpa.open-in-view to disable this warning
2025-07-14T09:34:10.779+08:00  WARN 45472 --- [Summer] [main] .s.s.UserDetailsServiceAutoConfiguration : 

Using generated security password: 5351fed1-ba78-4a84-beda-6672cd60a460

This generated password is for development use only. Your security configuration must be updated before running your application in production.

2025-07-14T09:34:10.786+08:00  INFO 45472 --- [Summer] [main] r$InitializeUserDetailsManagerConfigurer : Global AuthenticationManager configured with UserDetailsService bean with name inMemoryUserDetailsManager
2025-07-14T09:34:11.143+08:00  INFO 45472 --- [Summer] [main] o.s.b.w.embedded.tomcat.TomcatWebServer  : Tomcat started on port 10123 (http) with context path '/'
2025-07-14T09:34:11.153+08:00  INFO 45472 --- [Summer] [main] jesper.summer.SummerApplication          : Started SummerApplication in 6.749 seconds (process running for 7.348)
2025-07-14T09:35:59.746+08:00  INFO 45472 --- [Summer] [http-nio-10123-exec-4] o.a.c.c.C.[Tomcat].[localhost].[/]       : Initializing Spring DispatcherServlet 'dispatcherServlet'
2025-07-14T09:35:59.747+08:00  INFO 45472 --- [Summer] [http-nio-10123-exec-4] o.s.web.servlet.DispatcherServlet        : Initializing Servlet 'dispatcherServlet'
2025-07-14T09:35:59.748+08:00  INFO 45472 --- [Summer] [http-nio-10123-exec-4] o.s.web.servlet.DispatcherServlet        : Completed initialization in 1 ms
2025-07-14T09:37:51.463+08:00  INFO 45472 --- [Summer] [SpringApplicationShutdownHook] o.s.b.w.e.tomcat.GracefulShutdown        : Commencing graceful shutdown. Waiting for active requests to complete
2025-07-14T09:37:51.485+08:00  INFO 45472 --- [Summer] [tomcat-shutdown] o.s.b.w.e.tomcat.GracefulShutdown        : Graceful shutdown complete
2025-07-14T09:37:51.488+08:00  INFO 45472 --- [Summer] [SpringApplicationShutdownHook] j.LocalContainerEntityManagerFactoryBean : Closing JPA EntityManagerFactory for persistence unit 'default'
2025-07-14T09:37:51.490+08:00  INFO 45472 --- [Summer] [SpringApplicationShutdownHook] com.zaxxer.hikari.HikariDataSource       : HikariPool-1 - Shutdown initiated...
2025-07-14T09:37:51.496+08:00  INFO 45472 --- [Summer] [SpringApplicationShutdownHook] com.zaxxer.hikari.HikariDataSource       : HikariPool-1 - Shutdown completed.
2025-07-14T09:37:59.846+08:00  INFO 15572 --- [Summer] [main] jesper.summer.SummerApplication          : Starting SummerApplication using Java 17.0.15 with PID 15572 (E:\Desktop\Summer\target\classes started by 13620 in E:\Desktop\Summer)
2025-07-14T09:37:59.851+08:00  INFO 15572 --- [Summer] [main] jesper.summer.SummerApplication          : No active profile set, falling back to 1 default profile: "default"
2025-07-14T09:38:00.619+08:00  INFO 15572 --- [Summer] [main] .s.d.r.c.RepositoryConfigurationDelegate : Bootstrapping Spring Data JPA repositories in DEFAULT mode.
2025-07-14T09:38:00.681+08:00  INFO 15572 --- [Summer] [main] .s.d.r.c.RepositoryConfigurationDelegate : Finished Spring Data repository scanning in 50 ms. Found 3 JPA repository interfaces.
2025-07-14T09:38:01.413+08:00  INFO 15572 --- [Summer] [main] o.s.b.w.embedded.tomcat.TomcatWebServer  : Tomcat initialized with port 10123 (http)
2025-07-14T09:38:01.427+08:00  INFO 15572 --- [Summer] [main] o.apache.catalina.core.StandardService   : Starting service [Tomcat]
2025-07-14T09:38:01.428+08:00  INFO 15572 --- [Summer] [main] o.apache.catalina.core.StandardEngine    : Starting Servlet engine: [Apache Tomcat/10.1.42]
2025-07-14T09:38:01.486+08:00  INFO 15572 --- [Summer] [main] o.a.c.c.C.[Tomcat].[localhost].[/]       : Initializing Spring embedded WebApplicationContext
2025-07-14T09:38:01.486+08:00  INFO 15572 --- [Summer] [main] w.s.c.ServletWebServerApplicationContext : Root WebApplicationContext: initialization completed in 1507 ms
2025-07-14T09:38:01.627+08:00  INFO 15572 --- [Summer] [main] com.zaxxer.hikari.HikariDataSource       : HikariPool-1 - Starting...
2025-07-14T09:38:01.801+08:00  INFO 15572 --- [Summer] [main] com.zaxxer.hikari.pool.HikariPool        : HikariPool-1 - Added connection com.mysql.cj.jdbc.ConnectionImpl@41e9f86
2025-07-14T09:38:01.803+08:00  INFO 15572 --- [Summer] [main] com.zaxxer.hikari.HikariDataSource       : HikariPool-1 - Start completed.
2025-07-14T09:38:01.847+08:00  INFO 15572 --- [Summer] [main] o.hibernate.jpa.internal.util.LogHelper  : HHH000204: Processing PersistenceUnitInfo [name: default]
2025-07-14T09:38:01.903+08:00  INFO 15572 --- [Summer] [main] org.hibernate.Version                    : HHH000412: Hibernate ORM core version 6.6.18.Final
2025-07-14T09:38:01.940+08:00  INFO 15572 --- [Summer] [main] o.h.c.internal.RegionFactoryInitiator    : HHH000026: Second-level cache disabled
2025-07-14T09:38:02.158+08:00  INFO 15572 --- [Summer] [main] org.hibernate.orm.connections.pooling    : HHH10001005: Database info:
	Database JDBC URL [Connecting through datasource 'HikariDataSource (HikariPool-1)']
	Database driver: undefined/unknown
	Database version: 8.0.35
	Autocommit mode: undefined/unknown
	Isolation level: undefined/unknown
	Minimum pool size: undefined/unknown
	Maximum pool size: undefined/unknown
2025-07-14T09:38:02.394+08:00  INFO 15572 --- [Summer] [main] o.s.o.j.p.SpringPersistenceUnitInfo      : No LoadTimeWeaver setup: ignoring JPA class transformer
2025-07-14T09:38:03.324+08:00  INFO 15572 --- [Summer] [main] o.h.e.t.j.p.i.JtaPlatformInitiator       : HHH000489: No JTA platform available (set 'hibernate.transaction.jta.platform' to enable JTA platform integration)
2025-07-14T09:38:03.328+08:00  INFO 15572 --- [Summer] [main] j.LocalContainerEntityManagerFactoryBean : Initialized JPA EntityManagerFactory for persistence unit 'default'
2025-07-14T09:38:03.564+08:00  INFO 15572 --- [Summer] [main] o.s.d.j.r.query.QueryEnhancerFactory     : Hibernate is in classpath; If applicable, HQL parser will be used.
2025-07-14T09:38:04.550+08:00  WARN 15572 --- [Summer] [main] JpaBaseConfiguration$JpaWebConfiguration : spring.jpa.open-in-view is enabled by default. Therefore, database queries may be performed during view rendering. Explicitly configure spring.jpa.open-in-view to disable this warning
2025-07-14T09:38:04.686+08:00  WARN 15572 --- [Summer] [main] .s.s.UserDetailsServiceAutoConfiguration : 

Using generated security password: 28786632-7234-401d-8455-d8605772d906

This generated password is for development use only. Your security configuration must be updated before running your application in production.

2025-07-14T09:38:04.693+08:00  INFO 15572 --- [Summer] [main] r$InitializeUserDetailsManagerConfigurer : Global AuthenticationManager configured with UserDetailsService bean with name inMemoryUserDetailsManager
2025-07-14T09:38:05.021+08:00  INFO 15572 --- [Summer] [main] o.s.b.w.embedded.tomcat.TomcatWebServer  : Tomcat started on port 10123 (http) with context path '/'
2025-07-14T09:38:05.030+08:00  INFO 15572 --- [Summer] [main] jesper.summer.SummerApplication          : Started SummerApplication in 6.213 seconds (process running for 7.041)
2025-07-14T09:38:09.275+08:00  INFO 15572 --- [Summer] [http-nio-10123-exec-3] o.a.c.c.C.[Tomcat].[localhost].[/]       : Initializing Spring DispatcherServlet 'dispatcherServlet'
2025-07-14T09:38:09.276+08:00  INFO 15572 --- [Summer] [http-nio-10123-exec-3] o.s.web.servlet.DispatcherServlet        : Initializing Servlet 'dispatcherServlet'
2025-07-14T09:38:09.277+08:00  INFO 15572 --- [Summer] [http-nio-10123-exec-3] o.s.web.servlet.DispatcherServlet        : Completed initialization in 1 ms
2025-07-14T09:39:14.323+08:00  INFO 15572 --- [Summer] [SpringApplicationShutdownHook] o.s.b.w.e.tomcat.GracefulShutdown        : Commencing graceful shutdown. Waiting for active requests to complete
2025-07-14T09:39:14.339+08:00  INFO 15572 --- [Summer] [tomcat-shutdown] o.s.b.w.e.tomcat.GracefulShutdown        : Graceful shutdown complete
2025-07-14T09:39:14.341+08:00  INFO 15572 --- [Summer] [SpringApplicationShutdownHook] j.LocalContainerEntityManagerFactoryBean : Closing JPA EntityManagerFactory for persistence unit 'default'
2025-07-14T09:39:14.343+08:00  INFO 15572 --- [Summer] [SpringApplicationShutdownHook] com.zaxxer.hikari.HikariDataSource       : HikariPool-1 - Shutdown initiated...
2025-07-14T09:39:14.347+08:00  INFO 15572 --- [Summer] [SpringApplicationShutdownHook] com.zaxxer.hikari.HikariDataSource       : HikariPool-1 - Shutdown completed.
2025-07-14T09:39:23.342+08:00  INFO 40460 --- [Summer] [main] jesper.summer.SummerApplication          : Starting SummerApplication using Java 17.0.15 with PID 40460 (E:\Desktop\Summer\target\classes started by 13620 in E:\Desktop\Summer)
2025-07-14T09:39:23.345+08:00  INFO 40460 --- [Summer] [main] jesper.summer.SummerApplication          : No active profile set, falling back to 1 default profile: "default"
2025-07-14T09:39:24.105+08:00  INFO 40460 --- [Summer] [main] .s.d.r.c.RepositoryConfigurationDelegate : Bootstrapping Spring Data JPA repositories in DEFAULT mode.
2025-07-14T09:39:24.188+08:00  INFO 40460 --- [Summer] [main] .s.d.r.c.RepositoryConfigurationDelegate : Finished Spring Data repository scanning in 61 ms. Found 3 JPA repository interfaces.
2025-07-14T09:39:24.997+08:00  INFO 40460 --- [Summer] [main] o.s.b.w.embedded.tomcat.TomcatWebServer  : Tomcat initialized with port 10123 (http)
2025-07-14T09:39:25.011+08:00  INFO 40460 --- [Summer] [main] o.apache.catalina.core.StandardService   : Starting service [Tomcat]
2025-07-14T09:39:25.013+08:00  INFO 40460 --- [Summer] [main] o.apache.catalina.core.StandardEngine    : Starting Servlet engine: [Apache Tomcat/10.1.42]
2025-07-14T09:39:25.072+08:00  INFO 40460 --- [Summer] [main] o.a.c.c.C.[Tomcat].[localhost].[/]       : Initializing Spring embedded WebApplicationContext
2025-07-14T09:39:25.072+08:00  INFO 40460 --- [Summer] [main] w.s.c.ServletWebServerApplicationContext : Root WebApplicationContext: initialization completed in 1640 ms
2025-07-14T09:39:25.221+08:00  INFO 40460 --- [Summer] [main] com.zaxxer.hikari.HikariDataSource       : HikariPool-1 - Starting...
2025-07-14T09:39:25.397+08:00  INFO 40460 --- [Summer] [main] com.zaxxer.hikari.pool.HikariPool        : HikariPool-1 - Added connection com.mysql.cj.jdbc.ConnectionImpl@21f7e537
2025-07-14T09:39:25.399+08:00  INFO 40460 --- [Summer] [main] com.zaxxer.hikari.HikariDataSource       : HikariPool-1 - Start completed.
2025-07-14T09:39:25.441+08:00  INFO 40460 --- [Summer] [main] o.hibernate.jpa.internal.util.LogHelper  : HHH000204: Processing PersistenceUnitInfo [name: default]
2025-07-14T09:39:25.496+08:00  INFO 40460 --- [Summer] [main] org.hibernate.Version                    : HHH000412: Hibernate ORM core version 6.6.18.Final
2025-07-14T09:39:25.538+08:00  INFO 40460 --- [Summer] [main] o.h.c.internal.RegionFactoryInitiator    : HHH000026: Second-level cache disabled
2025-07-14T09:39:25.771+08:00  INFO 40460 --- [Summer] [main] org.hibernate.orm.connections.pooling    : HHH10001005: Database info:
	Database JDBC URL [Connecting through datasource 'HikariDataSource (HikariPool-1)']
	Database driver: undefined/unknown
	Database version: 8.0.35
	Autocommit mode: undefined/unknown
	Isolation level: undefined/unknown
	Minimum pool size: undefined/unknown
	Maximum pool size: undefined/unknown
2025-07-14T09:39:26.017+08:00  INFO 40460 --- [Summer] [main] o.s.o.j.p.SpringPersistenceUnitInfo      : No LoadTimeWeaver setup: ignoring JPA class transformer
2025-07-14T09:39:26.967+08:00  INFO 40460 --- [Summer] [main] o.h.e.t.j.p.i.JtaPlatformInitiator       : HHH000489: No JTA platform available (set 'hibernate.transaction.jta.platform' to enable JTA platform integration)
2025-07-14T09:39:26.971+08:00  INFO 40460 --- [Summer] [main] j.LocalContainerEntityManagerFactoryBean : Initialized JPA EntityManagerFactory for persistence unit 'default'
2025-07-14T09:39:27.229+08:00  INFO 40460 --- [Summer] [main] o.s.d.j.r.query.QueryEnhancerFactory     : Hibernate is in classpath; If applicable, HQL parser will be used.
2025-07-14T09:39:28.277+08:00  WARN 40460 --- [Summer] [main] JpaBaseConfiguration$JpaWebConfiguration : spring.jpa.open-in-view is enabled by default. Therefore, database queries may be performed during view rendering. Explicitly configure spring.jpa.open-in-view to disable this warning
2025-07-14T09:39:28.414+08:00  WARN 40460 --- [Summer] [main] .s.s.UserDetailsServiceAutoConfiguration : 

Using generated security password: 1095fbd3-c1a6-4f7d-a31c-768652e8cb37

This generated password is for development use only. Your security configuration must be updated before running your application in production.

2025-07-14T09:39:28.422+08:00  INFO 40460 --- [Summer] [main] r$InitializeUserDetailsManagerConfigurer : Global AuthenticationManager configured with UserDetailsService bean with name inMemoryUserDetailsManager
2025-07-14T09:39:28.787+08:00  INFO 40460 --- [Summer] [main] o.s.b.w.embedded.tomcat.TomcatWebServer  : Tomcat started on port 10123 (http) with context path '/'
2025-07-14T09:39:28.797+08:00  INFO 40460 --- [Summer] [main] jesper.summer.SummerApplication          : Started SummerApplication in 6.185 seconds (process running for 8.362)
2025-07-14T09:39:32.936+08:00  INFO 40460 --- [Summer] [http-nio-10123-exec-4] o.a.c.c.C.[Tomcat].[localhost].[/]       : Initializing Spring DispatcherServlet 'dispatcherServlet'
2025-07-14T09:39:32.937+08:00  INFO 40460 --- [Summer] [http-nio-10123-exec-4] o.s.web.servlet.DispatcherServlet        : Initializing Servlet 'dispatcherServlet'
2025-07-14T09:39:32.938+08:00  INFO 40460 --- [Summer] [http-nio-10123-exec-4] o.s.web.servlet.DispatcherServlet        : Completed initialization in 1 ms
2025-07-14T09:39:52.000+08:00  INFO 40460 --- [Summer] [SpringApplicationShutdownHook] o.s.b.w.e.tomcat.GracefulShutdown        : Commencing graceful shutdown. Waiting for active requests to complete
2025-07-14T09:39:52.019+08:00  INFO 40460 --- [Summer] [tomcat-shutdown] o.s.b.w.e.tomcat.GracefulShutdown        : Graceful shutdown complete
2025-07-14T09:39:52.022+08:00  INFO 40460 --- [Summer] [SpringApplicationShutdownHook] j.LocalContainerEntityManagerFactoryBean : Closing JPA EntityManagerFactory for persistence unit 'default'
2025-07-14T09:39:52.023+08:00  INFO 40460 --- [Summer] [SpringApplicationShutdownHook] com.zaxxer.hikari.HikariDataSource       : HikariPool-1 - Shutdown initiated...
2025-07-14T09:39:52.029+08:00  INFO 40460 --- [Summer] [SpringApplicationShutdownHook] com.zaxxer.hikari.HikariDataSource       : HikariPool-1 - Shutdown completed.
2025-07-14T09:39:59.294+08:00  INFO 28912 --- [Summer] [main] jesper.summer.SummerApplication          : Starting SummerApplication using Java 17.0.15 with PID 28912 (E:\Desktop\Summer\target\classes started by 13620 in E:\Desktop\Summer)
2025-07-14T09:39:59.380+08:00  INFO 28912 --- [Summer] [main] jesper.summer.SummerApplication          : No active profile set, falling back to 1 default profile: "default"
2025-07-14T09:40:00.275+08:00  INFO 28912 --- [Summer] [main] .s.d.r.c.RepositoryConfigurationDelegate : Bootstrapping Spring Data JPA repositories in DEFAULT mode.
2025-07-14T09:40:00.382+08:00  INFO 28912 --- [Summer] [main] .s.d.r.c.RepositoryConfigurationDelegate : Finished Spring Data repository scanning in 78 ms. Found 3 JPA repository interfaces.
2025-07-14T09:40:01.271+08:00  INFO 28912 --- [Summer] [main] o.s.b.w.embedded.tomcat.TomcatWebServer  : Tomcat initialized with port 10123 (http)
2025-07-14T09:40:01.287+08:00  INFO 28912 --- [Summer] [main] o.apache.catalina.core.StandardService   : Starting service [Tomcat]
2025-07-14T09:40:01.288+08:00  INFO 28912 --- [Summer] [main] o.apache.catalina.core.StandardEngine    : Starting Servlet engine: [Apache Tomcat/10.1.42]
2025-07-14T09:40:01.357+08:00  INFO 28912 --- [Summer] [main] o.a.c.c.C.[Tomcat].[localhost].[/]       : Initializing Spring embedded WebApplicationContext
2025-07-14T09:40:01.358+08:00  INFO 28912 --- [Summer] [main] w.s.c.ServletWebServerApplicationContext : Root WebApplicationContext: initialization completed in 1802 ms
2025-07-14T09:40:01.497+08:00  INFO 28912 --- [Summer] [main] com.zaxxer.hikari.HikariDataSource       : HikariPool-1 - Starting...
2025-07-14T09:40:01.671+08:00  INFO 28912 --- [Summer] [main] com.zaxxer.hikari.pool.HikariPool        : HikariPool-1 - Added connection com.mysql.cj.jdbc.ConnectionImpl@19fec3d6
2025-07-14T09:40:01.673+08:00  INFO 28912 --- [Summer] [main] com.zaxxer.hikari.HikariDataSource       : HikariPool-1 - Start completed.
2025-07-14T09:40:01.717+08:00  INFO 28912 --- [Summer] [main] o.hibernate.jpa.internal.util.LogHelper  : HHH000204: Processing PersistenceUnitInfo [name: default]
2025-07-14T09:40:01.773+08:00  INFO 28912 --- [Summer] [main] org.hibernate.Version                    : HHH000412: Hibernate ORM core version 6.6.18.Final
2025-07-14T09:40:01.812+08:00  INFO 28912 --- [Summer] [main] o.h.c.internal.RegionFactoryInitiator    : HHH000026: Second-level cache disabled
2025-07-14T09:40:02.042+08:00  INFO 28912 --- [Summer] [main] org.hibernate.orm.connections.pooling    : HHH10001005: Database info:
	Database JDBC URL [Connecting through datasource 'HikariDataSource (HikariPool-1)']
	Database driver: undefined/unknown
	Database version: 8.0.35
	Autocommit mode: undefined/unknown
	Isolation level: undefined/unknown
	Minimum pool size: undefined/unknown
	Maximum pool size: undefined/unknown
2025-07-14T09:40:02.283+08:00  INFO 28912 --- [Summer] [main] o.s.o.j.p.SpringPersistenceUnitInfo      : No LoadTimeWeaver setup: ignoring JPA class transformer
2025-07-14T09:40:03.208+08:00  INFO 28912 --- [Summer] [main] o.h.e.t.j.p.i.JtaPlatformInitiator       : HHH000489: No JTA platform available (set 'hibernate.transaction.jta.platform' to enable JTA platform integration)
2025-07-14T09:40:03.212+08:00  INFO 28912 --- [Summer] [main] j.LocalContainerEntityManagerFactoryBean : Initialized JPA EntityManagerFactory for persistence unit 'default'
2025-07-14T09:40:03.436+08:00  INFO 28912 --- [Summer] [main] o.s.d.j.r.query.QueryEnhancerFactory     : Hibernate is in classpath; If applicable, HQL parser will be used.
2025-07-14T09:40:04.492+08:00  WARN 28912 --- [Summer] [main] JpaBaseConfiguration$JpaWebConfiguration : spring.jpa.open-in-view is enabled by default. Therefore, database queries may be performed during view rendering. Explicitly configure spring.jpa.open-in-view to disable this warning
2025-07-14T09:40:04.652+08:00  WARN 28912 --- [Summer] [main] .s.s.UserDetailsServiceAutoConfiguration : 

Using generated security password: 67478001-6011-4af2-ba87-86c8fb1d999b

This generated password is for development use only. Your security configuration must be updated before running your application in production.

2025-07-14T09:40:04.662+08:00  INFO 28912 --- [Summer] [main] r$InitializeUserDetailsManagerConfigurer : Global AuthenticationManager configured with UserDetailsService bean with name inMemoryUserDetailsManager
2025-07-14T09:40:05.040+08:00  INFO 28912 --- [Summer] [main] o.s.b.w.embedded.tomcat.TomcatWebServer  : Tomcat started on port 10123 (http) with context path '/'
2025-07-14T09:40:05.054+08:00  INFO 28912 --- [Summer] [main] jesper.summer.SummerApplication          : Started SummerApplication in 6.756 seconds (process running for 7.573)
2025-07-14T09:40:07.547+08:00  INFO 28912 --- [Summer] [http-nio-10123-exec-3] o.a.c.c.C.[Tomcat].[localhost].[/]       : Initializing Spring DispatcherServlet 'dispatcherServlet'
2025-07-14T09:40:07.547+08:00  INFO 28912 --- [Summer] [http-nio-10123-exec-3] o.s.web.servlet.DispatcherServlet        : Initializing Servlet 'dispatcherServlet'
2025-07-14T09:40:07.548+08:00  INFO 28912 --- [Summer] [http-nio-10123-exec-3] o.s.web.servlet.DispatcherServlet        : Completed initialization in 1 ms
2025-07-14T09:51:29.493+08:00  INFO 28912 --- [Summer] [SpringApplicationShutdownHook] o.s.b.w.e.tomcat.GracefulShutdown        : Commencing graceful shutdown. Waiting for active requests to complete
2025-07-14T09:51:29.515+08:00  INFO 28912 --- [Summer] [tomcat-shutdown] o.s.b.w.e.tomcat.GracefulShutdown        : Graceful shutdown complete
2025-07-14T09:51:29.519+08:00  INFO 28912 --- [Summer] [SpringApplicationShutdownHook] j.LocalContainerEntityManagerFactoryBean : Closing JPA EntityManagerFactory for persistence unit 'default'
2025-07-14T09:51:29.521+08:00  INFO 28912 --- [Summer] [SpringApplicationShutdownHook] com.zaxxer.hikari.HikariDataSource       : HikariPool-1 - Shutdown initiated...
2025-07-14T09:51:29.529+08:00  INFO 28912 --- [Summer] [SpringApplicationShutdownHook] com.zaxxer.hikari.HikariDataSource       : HikariPool-1 - Shutdown completed.
2025-07-14T09:51:33.561+08:00  INFO 42544 --- [Summer] [main] jesper.summer.SummerApplication          : Starting SummerApplication using Java 17.0.15 with PID 42544 (E:\Desktop\Summer\target\classes started by 13620 in E:\Desktop\Summer)
2025-07-14T09:51:33.568+08:00  INFO 42544 --- [Summer] [main] jesper.summer.SummerApplication          : No active profile set, falling back to 1 default profile: "default"
2025-07-14T09:51:34.512+08:00  INFO 42544 --- [Summer] [main] .s.d.r.c.RepositoryConfigurationDelegate : Bootstrapping Spring Data JPA repositories in DEFAULT mode.
2025-07-14T09:51:34.594+08:00  INFO 42544 --- [Summer] [main] .s.d.r.c.RepositoryConfigurationDelegate : Finished Spring Data repository scanning in 58 ms. Found 3 JPA repository interfaces.
2025-07-14T09:51:35.390+08:00  INFO 42544 --- [Summer] [main] o.s.b.w.embedded.tomcat.TomcatWebServer  : Tomcat initialized with port 10123 (http)
2025-07-14T09:51:35.407+08:00  INFO 42544 --- [Summer] [main] o.apache.catalina.core.StandardService   : Starting service [Tomcat]
2025-07-14T09:51:35.408+08:00  INFO 42544 --- [Summer] [main] o.apache.catalina.core.StandardEngine    : Starting Servlet engine: [Apache Tomcat/10.1.42]
2025-07-14T09:51:35.477+08:00  INFO 42544 --- [Summer] [main] o.a.c.c.C.[Tomcat].[localhost].[/]       : Initializing Spring embedded WebApplicationContext
2025-07-14T09:51:35.477+08:00  INFO 42544 --- [Summer] [main] w.s.c.ServletWebServerApplicationContext : Root WebApplicationContext: initialization completed in 1796 ms
2025-07-14T09:51:35.629+08:00  INFO 42544 --- [Summer] [main] com.zaxxer.hikari.HikariDataSource       : HikariPool-1 - Starting...
2025-07-14T09:51:35.811+08:00  INFO 42544 --- [Summer] [main] com.zaxxer.hikari.pool.HikariPool        : HikariPool-1 - Added connection com.mysql.cj.jdbc.ConnectionImpl@3e856100
2025-07-14T09:51:35.814+08:00  INFO 42544 --- [Summer] [main] com.zaxxer.hikari.HikariDataSource       : HikariPool-1 - Start completed.
2025-07-14T09:51:35.865+08:00  INFO 42544 --- [Summer] [main] o.hibernate.jpa.internal.util.LogHelper  : HHH000204: Processing PersistenceUnitInfo [name: default]
2025-07-14T09:51:35.951+08:00  INFO 42544 --- [Summer] [main] org.hibernate.Version                    : HHH000412: Hibernate ORM core version 6.6.18.Final
2025-07-14T09:51:36.001+08:00  INFO 42544 --- [Summer] [main] o.h.c.internal.RegionFactoryInitiator    : HHH000026: Second-level cache disabled
2025-07-14T09:51:36.361+08:00  INFO 42544 --- [Summer] [main] org.hibernate.orm.connections.pooling    : HHH10001005: Database info:
	Database JDBC URL [Connecting through datasource 'HikariDataSource (HikariPool-1)']
	Database driver: undefined/unknown
	Database version: 8.0.35
	Autocommit mode: undefined/unknown
	Isolation level: undefined/unknown
	Minimum pool size: undefined/unknown
	Maximum pool size: undefined/unknown
2025-07-14T09:51:36.832+08:00  INFO 42544 --- [Summer] [main] o.s.o.j.p.SpringPersistenceUnitInfo      : No LoadTimeWeaver setup: ignoring JPA class transformer
2025-07-14T09:51:36.857+08:00 DEBUG 42544 --- [Summer] [main] o.h.t.d.sql.spi.DdlTypeRegistry          : addDescriptor(12, org.hibernate.type.descriptor.sql.internal.CapacityDependentDdlType@5950054d) replaced previous registration(org.hibernate.type.descriptor.sql.internal.CapacityDependentDdlType@24018c8b)
2025-07-14T09:51:36.858+08:00 DEBUG 42544 --- [Summer] [main] o.h.t.d.sql.spi.DdlTypeRegistry          : addDescriptor(-9, org.hibernate.type.descriptor.sql.internal.CapacityDependentDdlType@4cf230bf) replaced previous registration(org.hibernate.type.descriptor.sql.internal.CapacityDependentDdlType@3dc55719)
2025-07-14T09:51:36.859+08:00 DEBUG 42544 --- [Summer] [main] o.h.t.d.sql.spi.DdlTypeRegistry          : addDescriptor(-3, org.hibernate.type.descriptor.sql.internal.CapacityDependentDdlType@64665781) replaced previous registration(org.hibernate.type.descriptor.sql.internal.CapacityDependentDdlType@4c2bea52)
2025-07-14T09:51:36.859+08:00 DEBUG 42544 --- [Summer] [main] o.h.t.d.sql.spi.DdlTypeRegistry          : addDescriptor(4003, org.hibernate.type.descriptor.sql.internal.DdlTypeImpl@11015ca0) replaced previous registration(org.hibernate.type.descriptor.sql.internal.DdlTypeImpl@6ebbc06)
2025-07-14T09:51:36.859+08:00 DEBUG 42544 --- [Summer] [main] o.h.t.d.sql.spi.DdlTypeRegistry          : addDescriptor(4001, org.hibernate.type.descriptor.sql.internal.DdlTypeImpl@50672905) replaced previous registration(org.hibernate.type.descriptor.sql.internal.DdlTypeImpl@430d3021)
2025-07-14T09:51:36.860+08:00 DEBUG 42544 --- [Summer] [main] o.h.t.d.sql.spi.DdlTypeRegistry          : addDescriptor(4002, org.hibernate.type.descriptor.sql.internal.DdlTypeImpl@58f290bc) replaced previous registration(org.hibernate.type.descriptor.sql.internal.DdlTypeImpl@3220c28)
2025-07-14T09:51:36.860+08:00 DEBUG 42544 --- [Summer] [main] o.h.t.d.sql.spi.DdlTypeRegistry          : addDescriptor(2004, org.hibernate.type.descriptor.sql.internal.CapacityDependentDdlType@6ae42248) replaced previous registration(org.hibernate.type.descriptor.sql.internal.DdlTypeImpl@40c28b0d)
2025-07-14T09:51:36.860+08:00 DEBUG 42544 --- [Summer] [main] o.h.t.d.sql.spi.DdlTypeRegistry          : addDescriptor(2005, org.hibernate.type.descriptor.sql.internal.CapacityDependentDdlType@cf984d9) replaced previous registration(org.hibernate.type.descriptor.sql.internal.DdlTypeImpl@1fa98a22)
2025-07-14T09:51:36.861+08:00 DEBUG 42544 --- [Summer] [main] o.h.t.d.sql.spi.DdlTypeRegistry          : addDescriptor(2011, org.hibernate.type.descriptor.sql.internal.CapacityDependentDdlType@54941dfd) replaced previous registration(org.hibernate.type.descriptor.sql.internal.DdlTypeImpl@5a7e81)
2025-07-14T09:51:38.017+08:00  INFO 42544 --- [Summer] [main] o.h.e.t.j.p.i.JtaPlatformInitiator       : HHH000489: No JTA platform available (set 'hibernate.transaction.jta.platform' to enable JTA platform integration)
2025-07-14T09:51:38.020+08:00  INFO 42544 --- [Summer] [main] j.LocalContainerEntityManagerFactoryBean : Initialized JPA EntityManagerFactory for persistence unit 'default'
2025-07-14T09:51:38.286+08:00  INFO 42544 --- [Summer] [main] o.s.d.j.r.query.QueryEnhancerFactory     : Hibernate is in classpath; If applicable, HQL parser will be used.
2025-07-14T09:51:39.599+08:00  WARN 42544 --- [Summer] [main] JpaBaseConfiguration$JpaWebConfiguration : spring.jpa.open-in-view is enabled by default. Therefore, database queries may be performed during view rendering. Explicitly configure spring.jpa.open-in-view to disable this warning
2025-07-14T09:51:39.748+08:00  WARN 42544 --- [Summer] [main] .s.s.UserDetailsServiceAutoConfiguration : 

Using generated security password: ed0d0811-c51d-4449-846f-5b4540b0299b

This generated password is for development use only. Your security configuration must be updated before running your application in production.

2025-07-14T09:51:39.754+08:00  INFO 42544 --- [Summer] [main] r$InitializeUserDetailsManagerConfigurer : Global AuthenticationManager configured with UserDetailsService bean with name inMemoryUserDetailsManager
2025-07-14T09:51:40.211+08:00  INFO 42544 --- [Summer] [main] o.s.b.w.embedded.tomcat.TomcatWebServer  : Tomcat started on port 10123 (http) with context path '/'
2025-07-14T09:51:40.220+08:00  INFO 42544 --- [Summer] [main] jesper.summer.SummerApplication          : Started SummerApplication in 8.038 seconds (process running for 9.009)
2025-07-14T09:51:44.725+08:00  INFO 42544 --- [Summer] [http-nio-10123-exec-3] o.a.c.c.C.[Tomcat].[localhost].[/]       : Initializing Spring DispatcherServlet 'dispatcherServlet'
2025-07-14T09:51:44.726+08:00  INFO 42544 --- [Summer] [http-nio-10123-exec-3] o.s.web.servlet.DispatcherServlet        : Initializing Servlet 'dispatcherServlet'
2025-07-14T09:51:44.727+08:00  INFO 42544 --- [Summer] [http-nio-10123-exec-3] o.s.web.servlet.DispatcherServlet        : Completed initialization in 1 ms
2025-07-14T09:53:16.894+08:00  INFO 42544 --- [Summer] [SpringApplicationShutdownHook] o.s.b.w.e.tomcat.GracefulShutdown        : Commencing graceful shutdown. Waiting for active requests to complete
2025-07-14T09:53:16.914+08:00  INFO 42544 --- [Summer] [tomcat-shutdown] o.s.b.w.e.tomcat.GracefulShutdown        : Graceful shutdown complete
2025-07-14T09:53:16.917+08:00  INFO 42544 --- [Summer] [SpringApplicationShutdownHook] j.LocalContainerEntityManagerFactoryBean : Closing JPA EntityManagerFactory for persistence unit 'default'
2025-07-14T09:53:16.919+08:00  INFO 42544 --- [Summer] [SpringApplicationShutdownHook] com.zaxxer.hikari.HikariDataSource       : HikariPool-1 - Shutdown initiated...
2025-07-14T09:53:16.924+08:00  INFO 42544 --- [Summer] [SpringApplicationShutdownHook] com.zaxxer.hikari.HikariDataSource       : HikariPool-1 - Shutdown completed.
2025-07-14T09:53:24.945+08:00  INFO 6700 --- [Summer] [main] jesper.summer.SummerApplication          : Starting SummerApplication using Java 17.0.15 with PID 6700 (E:\Desktop\Summer\target\classes started by 13620 in E:\Desktop\Summer)
2025-07-14T09:53:24.948+08:00  INFO 6700 --- [Summer] [main] jesper.summer.SummerApplication          : No active profile set, falling back to 1 default profile: "default"
2025-07-14T09:53:25.777+08:00  INFO 6700 --- [Summer] [main] .s.d.r.c.RepositoryConfigurationDelegate : Bootstrapping Spring Data JPA repositories in DEFAULT mode.
2025-07-14T09:53:25.859+08:00  INFO 6700 --- [Summer] [main] .s.d.r.c.RepositoryConfigurationDelegate : Finished Spring Data repository scanning in 58 ms. Found 3 JPA repository interfaces.
2025-07-14T09:53:26.617+08:00  INFO 6700 --- [Summer] [main] o.s.b.w.embedded.tomcat.TomcatWebServer  : Tomcat initialized with port 10123 (http)
2025-07-14T09:53:26.636+08:00  INFO 6700 --- [Summer] [main] o.apache.catalina.core.StandardService   : Starting service [Tomcat]
2025-07-14T09:53:26.637+08:00  INFO 6700 --- [Summer] [main] o.apache.catalina.core.StandardEngine    : Starting Servlet engine: [Apache Tomcat/10.1.42]
2025-07-14T09:53:26.694+08:00  INFO 6700 --- [Summer] [main] o.a.c.c.C.[Tomcat].[localhost].[/]       : Initializing Spring embedded WebApplicationContext
2025-07-14T09:53:26.695+08:00  INFO 6700 --- [Summer] [main] w.s.c.ServletWebServerApplicationContext : Root WebApplicationContext: initialization completed in 1663 ms
2025-07-14T09:53:26.844+08:00  INFO 6700 --- [Summer] [main] com.zaxxer.hikari.HikariDataSource       : HikariPool-1 - Starting...
2025-07-14T09:53:27.020+08:00  INFO 6700 --- [Summer] [main] com.zaxxer.hikari.pool.HikariPool        : HikariPool-1 - Added connection com.mysql.cj.jdbc.ConnectionImpl@4aed311e
2025-07-14T09:53:27.023+08:00  INFO 6700 --- [Summer] [main] com.zaxxer.hikari.HikariDataSource       : HikariPool-1 - Start completed.
2025-07-14T09:53:27.064+08:00  INFO 6700 --- [Summer] [main] o.hibernate.jpa.internal.util.LogHelper  : HHH000204: Processing PersistenceUnitInfo [name: default]
2025-07-14T09:53:27.121+08:00  INFO 6700 --- [Summer] [main] org.hibernate.Version                    : HHH000412: Hibernate ORM core version 6.6.18.Final
2025-07-14T09:53:27.158+08:00  INFO 6700 --- [Summer] [main] o.h.c.internal.RegionFactoryInitiator    : HHH000026: Second-level cache disabled
2025-07-14T09:53:27.377+08:00  INFO 6700 --- [Summer] [main] org.hibernate.orm.connections.pooling    : HHH10001005: Database info:
	Database JDBC URL [Connecting through datasource 'HikariDataSource (HikariPool-1)']
	Database driver: undefined/unknown
	Database version: 8.0.35
	Autocommit mode: undefined/unknown
	Isolation level: undefined/unknown
	Minimum pool size: undefined/unknown
	Maximum pool size: undefined/unknown
2025-07-14T09:53:27.612+08:00  INFO 6700 --- [Summer] [main] o.s.o.j.p.SpringPersistenceUnitInfo      : No LoadTimeWeaver setup: ignoring JPA class transformer
2025-07-14T09:53:27.629+08:00 DEBUG 6700 --- [Summer] [main] o.h.t.d.sql.spi.DdlTypeRegistry          : addDescriptor(12, org.hibernate.type.descriptor.sql.internal.CapacityDependentDdlType@3129299f) replaced previous registration(org.hibernate.type.descriptor.sql.internal.CapacityDependentDdlType@2f73f0c7)
2025-07-14T09:53:27.630+08:00 DEBUG 6700 --- [Summer] [main] o.h.t.d.sql.spi.DdlTypeRegistry          : addDescriptor(-9, org.hibernate.type.descriptor.sql.internal.CapacityDependentDdlType@4fdac2a7) replaced previous registration(org.hibernate.type.descriptor.sql.internal.CapacityDependentDdlType@8debe42)
2025-07-14T09:53:27.631+08:00 DEBUG 6700 --- [Summer] [main] o.h.t.d.sql.spi.DdlTypeRegistry          : addDescriptor(-3, org.hibernate.type.descriptor.sql.internal.CapacityDependentDdlType@70c31b17) replaced previous registration(org.hibernate.type.descriptor.sql.internal.CapacityDependentDdlType@40863800)
2025-07-14T09:53:27.631+08:00 DEBUG 6700 --- [Summer] [main] o.h.t.d.sql.spi.DdlTypeRegistry          : addDescriptor(4003, org.hibernate.type.descriptor.sql.internal.DdlTypeImpl@5950054d) replaced previous registration(org.hibernate.type.descriptor.sql.internal.DdlTypeImpl@24018c8b)
2025-07-14T09:53:27.632+08:00 DEBUG 6700 --- [Summer] [main] o.h.t.d.sql.spi.DdlTypeRegistry          : addDescriptor(4001, org.hibernate.type.descriptor.sql.internal.DdlTypeImpl@4cf230bf) replaced previous registration(org.hibernate.type.descriptor.sql.internal.DdlTypeImpl@3dc55719)
2025-07-14T09:53:27.632+08:00 DEBUG 6700 --- [Summer] [main] o.h.t.d.sql.spi.DdlTypeRegistry          : addDescriptor(4002, org.hibernate.type.descriptor.sql.internal.DdlTypeImpl@64665781) replaced previous registration(org.hibernate.type.descriptor.sql.internal.DdlTypeImpl@4c2bea52)
2025-07-14T09:53:27.633+08:00 DEBUG 6700 --- [Summer] [main] o.h.t.d.sql.spi.DdlTypeRegistry          : addDescriptor(2004, org.hibernate.type.descriptor.sql.internal.CapacityDependentDdlType@11015ca0) replaced previous registration(org.hibernate.type.descriptor.sql.internal.DdlTypeImpl@6ebbc06)
2025-07-14T09:53:27.634+08:00 DEBUG 6700 --- [Summer] [main] o.h.t.d.sql.spi.DdlTypeRegistry          : addDescriptor(2005, org.hibernate.type.descriptor.sql.internal.CapacityDependentDdlType@50672905) replaced previous registration(org.hibernate.type.descriptor.sql.internal.DdlTypeImpl@430d3021)
2025-07-14T09:53:27.634+08:00 DEBUG 6700 --- [Summer] [main] o.h.t.d.sql.spi.DdlTypeRegistry          : addDescriptor(2011, org.hibernate.type.descriptor.sql.internal.CapacityDependentDdlType@58f290bc) replaced previous registration(org.hibernate.type.descriptor.sql.internal.DdlTypeImpl@3220c28)
2025-07-14T09:53:28.569+08:00  INFO 6700 --- [Summer] [main] o.h.e.t.j.p.i.JtaPlatformInitiator       : HHH000489: No JTA platform available (set 'hibernate.transaction.jta.platform' to enable JTA platform integration)
2025-07-14T09:53:28.572+08:00  INFO 6700 --- [Summer] [main] j.LocalContainerEntityManagerFactoryBean : Initialized JPA EntityManagerFactory for persistence unit 'default'
2025-07-14T09:53:28.824+08:00  INFO 6700 --- [Summer] [main] o.s.d.j.r.query.QueryEnhancerFactory     : Hibernate is in classpath; If applicable, HQL parser will be used.
2025-07-14T09:53:29.831+08:00  WARN 6700 --- [Summer] [main] JpaBaseConfiguration$JpaWebConfiguration : spring.jpa.open-in-view is enabled by default. Therefore, database queries may be performed during view rendering. Explicitly configure spring.jpa.open-in-view to disable this warning
2025-07-14T09:53:29.955+08:00  WARN 6700 --- [Summer] [main] .s.s.UserDetailsServiceAutoConfiguration : 

Using generated security password: 22fcca03-ad5f-4ac5-aebf-7b9e72d883d6

This generated password is for development use only. Your security configuration must be updated before running your application in production.

2025-07-14T09:53:29.962+08:00  INFO 6700 --- [Summer] [main] r$InitializeUserDetailsManagerConfigurer : Global AuthenticationManager configured with UserDetailsService bean with name inMemoryUserDetailsManager
2025-07-14T09:53:30.273+08:00  INFO 6700 --- [Summer] [main] o.s.b.w.embedded.tomcat.TomcatWebServer  : Tomcat started on port 10123 (http) with context path '/'
2025-07-14T09:53:30.281+08:00  INFO 6700 --- [Summer] [main] jesper.summer.SummerApplication          : Started SummerApplication in 6.058 seconds (process running for 7.415)
2025-07-14T09:53:36.446+08:00  INFO 6700 --- [Summer] [http-nio-10123-exec-1] o.a.c.c.C.[Tomcat].[localhost].[/]       : Initializing Spring DispatcherServlet 'dispatcherServlet'
2025-07-14T09:53:36.447+08:00  INFO 6700 --- [Summer] [http-nio-10123-exec-1] o.s.web.servlet.DispatcherServlet        : Initializing Servlet 'dispatcherServlet'
2025-07-14T09:53:36.448+08:00  INFO 6700 --- [Summer] [http-nio-10123-exec-1] o.s.web.servlet.DispatcherServlet        : Completed initialization in 1 ms
